<?xml version="1.0" encoding="UTF-8"?>
<!-- Generated by org.testng.reporters.JUnitXMLReporter -->
<testsuite hostname="LAPTOP-BL99EMON" ignored="0" name="Default test" tests="2" failures="0" timestamp="02 Jan 2022 11:22:21 GMT" time="31.788" errors="0">
  <testcase name="runScenario" time="24.977" classname="io.cucumber.testng.AbstractTestNGCucumberTests"/>
  <testcase name="runScenario" time="4.245" classname="io.cucumber.testng.AbstractTestNGCucumberTests"/>
</testsuite> <!-- Default test -->
