<?xml version="1.0" encoding="UTF-8"?>
<testng-results skipped="0" failed="0" ignored="0" total="2" passed="2">
  <reporter-output>
  </reporter-output>
  <suite name="Default suite" duration-ms="31788" started-at="2022-01-02T11:21:50Z" finished-at="2022-01-02T11:22:21Z">
    <groups>
      <group name="cucumber">
        <method signature="AbstractTestNGCucumberTests.runScenario(io.cucumber.testng.PickleWrapper, io.cucumber.testng.FeatureWrapper)[pri:0, instance:runner.RunTest@5bbbdd4b]" name="runScenario" class="io.cucumber.testng.AbstractTestNGCucumberTests"/>
      </group> <!-- cucumber -->
    </groups>
    <test name="Default test" duration-ms="31788" started-at="2022-01-02T11:21:50Z" finished-at="2022-01-02T11:22:21Z">
      <class name="runner.RunTest">
        <test-method status="PASS" signature="setUpClass()[pri:0, instance:runner.RunTest@5bbbdd4b]" name="setUpClass" is-config="true" duration-ms="2323" started-at="2022-01-02T11:21:50Z" finished-at="2022-01-02T11:21:52Z">
          <reporter-output>
          </reporter-output>
        </test-method> <!-- setUpClass -->
        <test-method status="PASS" signature="runScenario(io.cucumber.testng.PickleWrapper, io.cucumber.testng.FeatureWrapper)[pri:0, instance:runner.RunTest@5bbbdd4b]" name="runScenario" duration-ms="24977" started-at="2022-01-02T11:21:52Z" description="Runs Cucumber Scenarios" data-provider="scenarios" finished-at="2022-01-02T11:22:17Z">
          <params>
            <param index="0">
              <value>
                <![CDATA["Create a new incident with short description"]]>
              </value>
            </param>
            <param index="1">
              <value>
                <![CDATA["Create New Incident"]]>
              </value>
            </param>
          </params>
          <reporter-output>
          </reporter-output>
        </test-method> <!-- runScenario -->
        <test-method status="PASS" signature="runScenario(io.cucumber.testng.PickleWrapper, io.cucumber.testng.FeatureWrapper)[pri:0, instance:runner.RunTest@5bbbdd4b]" name="runScenario" duration-ms="4245" started-at="2022-01-02T11:22:17Z" description="Runs Cucumber Scenarios" data-provider="scenarios" finished-at="2022-01-02T11:22:21Z">
          <params>
            <param index="0">
              <value>
                <![CDATA["Update an incident with short description"]]>
              </value>
            </param>
            <param index="1">
              <value>
                <![CDATA["Create New Incident"]]>
              </value>
            </param>
          </params>
          <reporter-output>
          </reporter-output>
        </test-method> <!-- runScenario -->
        <test-method status="PASS" signature="tearDownClass()[pri:0, instance:runner.RunTest@5bbbdd4b]" name="tearDownClass" is-config="true" duration-ms="4" started-at="2022-01-02T11:22:21Z" finished-at="2022-01-02T11:22:21Z">
          <reporter-output>
          </reporter-output>
        </test-method> <!-- tearDownClass -->
      </class> <!-- runner.RunTest -->
    </test> <!-- Default test -->
  </suite> <!-- Default suite -->
</testng-results>
